<?xml version="1.0" encoding="UTF-8"?>
<!-- Generated by org.testng.reporters.JUnitReportReporter -->
<testsuite hostname="DESKTOP-0472GQO" failures="0" tests="3" name="practice.Class0" time="0.010" errors="0" timestamp="2021-10-09T12:53:24 EDT" skipped="0">
  <testcase classname="practice.Class0" name="test1" time="0.003"/>
  <system-out/>
  <testcase classname="practice.Class0" name="f" time="0.001"/>
  <system-out/>
  <testcase classname="practice.Class0" name="f" time="0.006"/>
  <system-out/>
</testsuite> <!-- practice.Class0 -->
