<?xml version="1.0" encoding="UTF-8"?>
<!-- Generated by org.testng.reporters.JUnitReportReporter -->
<testsuite hostname="DESKTOP-0472GQO" failures="0" tests="3" name="practice.Class1" time="0.010" errors="0" timestamp="2021-10-09T12:39:46 EDT" skipped="0">
  <testcase classname="practice.Class1" name="EnterPassword" time="0.008"/>
  <system-out/>
  <testcase classname="practice.Class1" name="SendEmail" time="0.001"/>
  <system-out/>
  <testcase classname="practice.Class1" name="Login" time="0.001"/>
  <system-out/>
</testsuite> <!-- practice.Class1 -->
